[1227/130011.351:ERROR:browser_process_sub_thread.cc(221)] Waited 18 ms for network service
[1227/131025.845:ERROR:browser_process_sub_thread.cc(221)] Waited 14 ms for network service
[1227/131052.049:INFO:CONSOLE(0)] "HTML Imports is deprecated and will be removed in M73, around March 2019. Please use ES modules instead. See https://www.chromestatus.com/features/5144752345317376 for more details.", source:  (0)
[1227/131052.964:INFO:CONSOLE(0)] "Refused to display 'https://accounts.google.com/ServiceLogin?passive=true&service=youtube&hl=en&uilel=3&continue=https%3A%2F%2Fwww.youtube.com%2Fsignin%3Faction_handle_signin%3Dtrue%26app%3Ddesktop%26next%3D%252Fsignin_passive%26feature%3Dpassive%26hl%3Den' in a frame because it set 'X-Frame-Options' to 'deny'.", source: https://www.youtube.com/ (0)
[1227/131053.569:INFO:CONSOLE(15)] "chrome.loadTimes() is deprecated, instead use standardized API: nextHopProtocol in Navigation Timing 2. https://www.chromestatus.com/features/5637885046816768.", source: https://www.youtube.com/yts/jsbin/network-vflX047bV/network.js (15)
[1227/131057.078:INFO:CONSOLE(0)] "The resource https://i.ytimg.com/generate_204 was preloaded using link preload but not used within a few seconds from the window's load event. Please make sure it has an appropriate `as` value and it is preloaded intentionally.", source:  (0)
[1227/131106.196:ERROR:browser_process_sub_thread.cc(221)] Waited 17 ms for network service
[1227/131139.745:INFO:CONSOLE(0)] "HTML Imports is deprecated and will be removed in M73, around March 2019. Please use ES modules instead. See https://www.chromestatus.com/features/5144752345317376 for more details.", source:  (0)
[1227/131140.747:INFO:CONSOLE(0)] "Refused to display 'https://accounts.google.com/ServiceLogin?passive=true&hl=en&uilel=3&continue=https%3A%2F%2Fwww.youtube.com%2Fsignin%3Fnext%3D%252Fsignin_passive%26action_handle_signin%3Dtrue%26hl%3Den%26app%3Ddesktop%26feature%3Dpassive&service=youtube' in a frame because it set 'X-Frame-Options' to 'deny'.", source: https://www.youtube.com/ (0)
[1227/131543.950:INFO:CONSOLE(0)] "HTML Imports is deprecated and will be removed in M73, around March 2019. Please use ES modules instead. See https://www.chromestatus.com/features/5144752345317376 for more details.", source:  (0)
[1227/131544.586:INFO:CONSOLE(0)] "Refused to display 'https://accounts.google.com/ServiceLogin?hl=en&service=youtube&uilel=3&continue=https%3A%2F%2Fwww.youtube.com%2Fsignin%3Fhl%3Den%26next%3D%252Fsignin_passive%26feature%3Dpassive%26app%3Ddesktop%26action_handle_signin%3Dtrue&passive=true' in a frame because it set 'X-Frame-Options' to 'deny'.", source: https://www.youtube.com/ (0)
[1227/131545.130:INFO:CONSOLE(15)] "chrome.loadTimes() is deprecated, instead use standardized API: nextHopProtocol in Navigation Timing 2. https://www.chromestatus.com/features/5637885046816768.", source: https://www.youtube.com/yts/jsbin/network-vflX047bV/network.js (15)
[1227/131548.663:INFO:CONSOLE(0)] "The resource https://i.ytimg.com/generate_204 was preloaded using link preload but not used within a few seconds from the window's load event. Please make sure it has an appropriate `as` value and it is preloaded intentionally.", source:  (0)
[1227/131609.037:INFO:CONSOLE(85)] "Uncaught [object Object]", source: https://ssl.gstatic.com/support/realtime/operator/1576054885374/operatordeferred_bin_base__en.js (85)
[1227/131734.492:INFO:CONSOLE(0)] "HTML Imports is deprecated and will be removed in M73, around March 2019. Please use ES modules instead. See https://www.chromestatus.com/features/5144752345317376 for more details.", source:  (0)
[1227/131735.571:INFO:CONSOLE(0)] "Refused to display 'https://accounts.google.com/ServiceLogin?passive=true&service=youtube&hl=en&uilel=3&continue=https%3A%2F%2Fwww.youtube.com%2Fsignin%3Faction_handle_signin%3Dtrue%26app%3Ddesktop%26next%3D%252Fsignin_passive%26feature%3Dpassive%26hl%3Den' in a frame because it set 'X-Frame-Options' to 'deny'.", source: https://www.youtube.com/ (0)
[1227/131735.863:INFO:CONSOLE(15)] "chrome.loadTimes() is deprecated, instead use standardized API: nextHopProtocol in Navigation Timing 2. https://www.chromestatus.com/features/5637885046816768.", source: https://www.youtube.com/yts/jsbin/network-vflX047bV/network.js (15)
[1227/131739.456:INFO:CONSOLE(0)] "The resource https://i.ytimg.com/generate_204 was preloaded using link preload but not used within a few seconds from the window's load event. Please make sure it has an appropriate `as` value and it is preloaded intentionally.", source:  (0)
[1227/131806.096:ERROR:browser_process_sub_thread.cc(221)] Waited 12 ms for network service
[1227/134256.445:ERROR:browser_process_sub_thread.cc(221)] Waited 16 ms for network service
[1227/134348.579:ERROR:browser_process_sub_thread.cc(221)] Waited 13 ms for network service
